<?xml version="1.0" encoding="UTF-8"?>
<robot generator="Robot 5.0 (Python 3.8.10 on linux)" generated="20220508 21:53:08.501" rpa="false" schemaversion="3">
<suite id="s1" name="Crm" source="/home/caio-celk/Documentos/Project-CRM-RobotFramework/Tests/OrangeHrm/crm.robot">
<test id="s1-t1" name="Fazer login tela inicial normalmente" line="15">
<kw name="Start Test" library="Start_Stop" type="SETUP">
<kw name="Open Browser" library="SeleniumLibrary">
<arg>${url.${site}}</arg>
<arg>${browser}</arg>
<doc>Opens a new browser instance to the optional ``url``.</doc>
<msg timestamp="20220508 21:53:08.645" level="INFO">Opening browser 'chrome' to base url 'https://opensource-demo.orangehrmlive.com/'.</msg>
<status status="PASS" starttime="20220508 21:53:08.644" endtime="20220508 21:53:11.933"/>
</kw>
<kw name="Maximize Browser Window" library="SeleniumLibrary">
<doc>Maximizes current browser window.</doc>
<status status="PASS" starttime="20220508 21:53:11.934" endtime="20220508 21:53:12.039"/>
</kw>
<kw name="Sleep" library="BuiltIn">
<arg>4s</arg>
<doc>Pauses the test executed for the given time.</doc>
<msg timestamp="20220508 21:53:16.040" level="INFO">Slept 4 seconds</msg>
<status status="PASS" starttime="20220508 21:53:12.039" endtime="20220508 21:53:16.040"/>
</kw>
<status status="PASS" starttime="20220508 21:53:08.643" endtime="20220508 21:53:16.041"/>
</kw>
<kw name="Dado que esteja logado no sistema" library="LoginPage">
<kw name="Input Text" library="SeleniumLibrary">
<arg>${SearchTextBox}</arg>
<arg>Admin</arg>
<doc>Types the given ``text`` into the text field identified by ``locator``.</doc>
<msg timestamp="20220508 21:53:16.045" level="INFO">Typing text 'Admin' into text field 'id:txtUsername'.</msg>
<status status="PASS" starttime="20220508 21:53:16.043" endtime="20220508 21:53:16.148"/>
</kw>
<kw name="Input Text" library="SeleniumLibrary">
<arg>${Senha}</arg>
<arg>admin123</arg>
<doc>Types the given ``text`` into the text field identified by ``locator``.</doc>
<msg timestamp="20220508 21:53:16.149" level="INFO">Typing text 'admin123' into text field 'txtPassword'.</msg>
<status status="PASS" starttime="20220508 21:53:16.148" endtime="20220508 21:53:16.225"/>
</kw>
<kw name="Press Keys" library="SeleniumLibrary">
<arg>${SearchButton}</arg>
<arg>[Return]</arg>
<doc>Simulates the user pressing key(s) to an element or on the active browser.</doc>
<msg timestamp="20220508 21:53:16.226" level="INFO">Sending key(s) ('[Return]',) to btnLogin element.</msg>
<msg timestamp="20220508 21:53:19.369" level="INFO">Sending keys [Return]</msg>
<status status="PASS" starttime="20220508 21:53:16.226" endtime="20220508 21:53:19.379"/>
</kw>
<kw name="Sleep" library="BuiltIn">
<arg>2s</arg>
<doc>Pauses the test executed for the given time.</doc>
<msg timestamp="20220508 21:53:21.380" level="INFO">Slept 2 seconds</msg>
<status status="PASS" starttime="20220508 21:53:19.380" endtime="20220508 21:53:21.380"/>
</kw>
<status status="PASS" starttime="20220508 21:53:16.041" endtime="20220508 21:53:21.381"/>
</kw>
<kw name="Quando navego até adicionar funcinario" library="FuncionarioPage">
<kw name="Mouse Over" library="SeleniumLibrary">
<arg>${MENUPIM}</arg>
<doc>Simulates hovering the mouse over the element ``locator``.</doc>
<msg timestamp="20220508 21:53:21.383" level="INFO">Simulating Mouse Over on element 'id:menu_pim_viewPimModule'.</msg>
<status status="PASS" starttime="20220508 21:53:21.382" endtime="20220508 21:53:21.704"/>
</kw>
<kw name="Sleep" library="BuiltIn">
<arg>2s</arg>
<doc>Pauses the test executed for the given time.</doc>
<msg timestamp="20220508 21:53:23.705" level="INFO">Slept 2 seconds</msg>
<status status="PASS" starttime="20220508 21:53:21.704" endtime="20220508 21:53:23.705"/>
</kw>
<kw name="Click Element" library="SeleniumLibrary">
<arg>${MENUfUNCIONARIO}</arg>
<doc>Click the element identified by ``locator``.</doc>
<msg timestamp="20220508 21:53:23.707" level="INFO">Clicking element 'id:menu_pim_addEmployee'.</msg>
<status status="PASS" starttime="20220508 21:53:23.706" endtime="20220508 21:53:24.470"/>
</kw>
<kw name="Sleep" library="BuiltIn">
<arg>2s</arg>
<doc>Pauses the test executed for the given time.</doc>
<msg timestamp="20220508 21:53:26.471" level="INFO">Slept 2 seconds</msg>
<status status="PASS" starttime="20220508 21:53:24.470" endtime="20220508 21:53:26.471"/>
</kw>
<status status="PASS" starttime="20220508 21:53:21.381" endtime="20220508 21:53:26.472"/>
</kw>
<kw name="E preencho nome e sobrenome" library="FuncionarioPage">
<kw name="Input Text" library="SeleniumLibrary">
<arg>${NOME}</arg>
<arg>ManoT</arg>
<doc>Types the given ``text`` into the text field identified by ``locator``.</doc>
<msg timestamp="20220508 21:53:26.475" level="INFO">Typing text 'ManoT' into text field 'id:firstName'.</msg>
<status status="PASS" starttime="20220508 21:53:26.474" endtime="20220508 21:53:26.584"/>
</kw>
<kw name="Sleep" library="BuiltIn">
<arg>1s</arg>
<doc>Pauses the test executed for the given time.</doc>
<msg timestamp="20220508 21:53:27.585" level="INFO">Slept 1 second</msg>
<status status="PASS" starttime="20220508 21:53:26.584" endtime="20220508 21:53:27.585"/>
</kw>
<kw name="Input Text" library="SeleniumLibrary">
<arg>${SOBRENOME}</arg>
<arg>Caio</arg>
<doc>Types the given ``text`` into the text field identified by ``locator``.</doc>
<msg timestamp="20220508 21:53:27.587" level="INFO">Typing text 'Caio' into text field 'id:lastName'.</msg>
<status status="PASS" starttime="20220508 21:53:27.586" endtime="20220508 21:53:27.814"/>
</kw>
<kw name="Sleep" library="BuiltIn">
<arg>1s</arg>
<doc>Pauses the test executed for the given time.</doc>
<msg timestamp="20220508 21:53:28.815" level="INFO">Slept 1 second</msg>
<status status="PASS" starttime="20220508 21:53:27.814" endtime="20220508 21:53:28.815"/>
</kw>
<status status="PASS" starttime="20220508 21:53:26.472" endtime="20220508 21:53:28.817"/>
</kw>
<kw name="Quando insiro uma foto" library="FuncionarioPage">
<kw name="Choose File" library="SeleniumLibrary">
<arg>${UPLOAD}</arg>
<arg>/home/caio-celk/Downloads/robo.jpeg</arg>
<doc>Inputs the ``file_path`` into the file input field ``locator``.</doc>
<msg timestamp="20220508 21:53:28.821" level="INFO">Sending /home/caio-celk/Downloads/robo.jpeg to browser.</msg>
<status status="PASS" starttime="20220508 21:53:28.819" endtime="20220508 21:53:29.077"/>
</kw>
<kw name="Sleep" library="BuiltIn">
<arg>1s</arg>
<doc>Pauses the test executed for the given time.</doc>
<msg timestamp="20220508 21:53:30.077" level="INFO">Slept 1 second</msg>
<status status="PASS" starttime="20220508 21:53:29.077" endtime="20220508 21:53:30.078"/>
</kw>
<status status="PASS" starttime="20220508 21:53:28.817" endtime="20220508 21:53:30.078"/>
</kw>
<kw name="E clico no check para abrir infomacoes" library="FuncionarioPage">
<kw name="Click Element" library="SeleniumLibrary">
<arg>${CHECK}</arg>
<doc>Click the element identified by ``locator``.</doc>
<msg timestamp="20220508 21:53:30.081" level="INFO">Clicking element 'id:chkLogin'.</msg>
<status status="PASS" starttime="20220508 21:53:30.080" endtime="20220508 21:53:30.163"/>
</kw>
<kw name="Sleep" library="BuiltIn">
<arg>1s</arg>
<doc>Pauses the test executed for the given time.</doc>
<msg timestamp="20220508 21:53:31.164" level="INFO">Slept 1 second</msg>
<status status="PASS" starttime="20220508 21:53:30.163" endtime="20220508 21:53:31.164"/>
</kw>
<status status="PASS" starttime="20220508 21:53:30.079" endtime="20220508 21:53:31.165"/>
</kw>
<kw name="E preencho nome de usuario com “mano.caio“" library="FuncionarioPage">
<kw name="Input Text" library="SeleniumLibrary">
<arg>${USARNAMEFUNCIONARIO}</arg>
<arg>mano.caiot</arg>
<doc>Types the given ``text`` into the text field identified by ``locator``.</doc>
<msg timestamp="20220508 21:53:31.167" level="INFO">Typing text 'mano.caiot' into text field 'id:user_name'.</msg>
<status status="PASS" starttime="20220508 21:53:31.166" endtime="20220508 21:53:31.270"/>
</kw>
<kw name="Sleep" library="BuiltIn">
<arg>1s</arg>
<doc>Pauses the test executed for the given time.</doc>
<msg timestamp="20220508 21:53:32.270" level="INFO">Slept 1 second</msg>
<status status="PASS" starttime="20220508 21:53:31.270" endtime="20220508 21:53:32.271"/>
</kw>
<status status="PASS" starttime="20220508 21:53:31.165" endtime="20220508 21:53:32.271"/>
</kw>
<kw name="E senha" library="FuncionarioPage">
<kw name="Input Text" library="SeleniumLibrary">
<arg>${PASSWORDFUNCIONARIO}</arg>
<arg>mano.caio@2S</arg>
<doc>Types the given ``text`` into the text field identified by ``locator``.</doc>
<msg timestamp="20220508 21:53:32.274" level="INFO">Typing text 'mano.caio@2S' into text field 'id:user_password'.</msg>
<status status="PASS" starttime="20220508 21:53:32.273" endtime="20220508 21:53:32.387"/>
</kw>
<kw name="Sleep" library="BuiltIn">
<arg>1s</arg>
<doc>Pauses the test executed for the given time.</doc>
<msg timestamp="20220508 21:53:33.388" level="INFO">Slept 1 second</msg>
<status status="PASS" starttime="20220508 21:53:32.388" endtime="20220508 21:53:33.389"/>
</kw>
<status status="PASS" starttime="20220508 21:53:32.272" endtime="20220508 21:53:33.389"/>
</kw>
<kw name="E repetir senha" library="FuncionarioPage">
<kw name="Input Text" library="SeleniumLibrary">
<arg>${PASSWORDFUNCIONARIOCONFIRM}</arg>
<arg>mano.caio@2S</arg>
<doc>Types the given ``text`` into the text field identified by ``locator``.</doc>
<msg timestamp="20220508 21:53:33.392" level="INFO">Typing text 'mano.caio@2S' into text field 'id:re_password'.</msg>
<status status="PASS" starttime="20220508 21:53:33.391" endtime="20220508 21:53:33.503"/>
</kw>
<kw name="Sleep" library="BuiltIn">
<arg>1s</arg>
<doc>Pauses the test executed for the given time.</doc>
<msg timestamp="20220508 21:53:34.504" level="INFO">Slept 1 second</msg>
<status status="PASS" starttime="20220508 21:53:33.503" endtime="20220508 21:53:34.504"/>
</kw>
<status status="PASS" starttime="20220508 21:53:33.390" endtime="20220508 21:53:34.505"/>
</kw>
<kw name="Quando clico em salvar" library="FuncionarioPage">
<kw name="Click Button" library="SeleniumLibrary">
<arg>${BTNSAVEFUNCIONARIO}</arg>
<doc>Clicks the button identified by ``locator``.</doc>
<msg timestamp="20220508 21:53:34.507" level="INFO">Clicking button 'id:btnSave'.</msg>
<status status="PASS" starttime="20220508 21:53:34.506" endtime="20220508 21:53:36.302"/>
</kw>
<kw name="Sleep" library="BuiltIn">
<arg>1s</arg>
<doc>Pauses the test executed for the given time.</doc>
<msg timestamp="20220508 21:53:37.304" level="INFO">Slept 1 second</msg>
<status status="PASS" starttime="20220508 21:53:36.303" endtime="20220508 21:53:37.304"/>
</kw>
<status status="PASS" starttime="20220508 21:53:34.505" endtime="20220508 21:53:37.305"/>
</kw>
<kw name="Então devo ver a mnesagem de “Personal Details“" library="FuncionarioPage">
<kw name="Page Should Contain" library="SeleniumLibrary">
<arg>Personal Details</arg>
<doc>Verifies that current page contains ``text``.</doc>
<msg timestamp="20220508 21:53:37.347" level="INFO">Current page contains text 'Personal Details'.</msg>
<status status="PASS" starttime="20220508 21:53:37.306" endtime="20220508 21:53:37.347"/>
</kw>
<kw name="Sleep" library="BuiltIn">
<arg>1s</arg>
<doc>Pauses the test executed for the given time.</doc>
<msg timestamp="20220508 21:53:38.348" level="INFO">Slept 1 second</msg>
<status status="PASS" starttime="20220508 21:53:37.347" endtime="20220508 21:53:38.348"/>
</kw>
<status status="PASS" starttime="20220508 21:53:37.305" endtime="20220508 21:53:38.349"/>
</kw>
<kw name="Finish TestCase" library="Start_Stop" type="TEARDOWN">
<kw name="Close Browser" library="SeleniumLibrary">
<doc>Closes the current browser.</doc>
<status status="PASS" starttime="20220508 21:53:38.351" endtime="20220508 21:53:38.415"/>
</kw>
<status status="PASS" starttime="20220508 21:53:38.350" endtime="20220508 21:53:38.415"/>
</kw>
<doc>Vai fazer o login padrão</doc>
<tag>Functional</tag>
<status status="PASS" starttime="20220508 21:53:08.642" endtime="20220508 21:53:38.415"/>
</test>
<doc>Funcionalidade do projeto</doc>
<status status="PASS" starttime="20220508 21:53:08.502" endtime="20220508 21:53:38.416"/>
</suite>
<statistics>
<total>
<stat pass="1" fail="0" skip="0">All Tests</stat>
</total>
<tag>
<stat pass="1" fail="0" skip="0">Functional</stat>
</tag>
<suite>
<stat pass="1" fail="0" skip="0" id="s1" name="Crm">Crm</stat>
</suite>
</statistics>
<errors>
</errors>
</robot>
